{
  "0 debug pnpm:scope": {
    "selected": 1
  },
  "1 debug pnpm:package-manifest": {
    "initial": {
      "name": "svelte-kit-idp",
      "version": "0.0.1",
      "scripts": {
        "dev": "svelte-kit dev",
        "build": "svelte-kit build",
        "package": "svelte-kit package",
        "preview": "svelte-kit preview",
        "prepare": "svelte-kit sync",
        "lint": "prettier --check --plugin-search-dir=. . && eslint .",
        "format": "prettier --write --plugin-search-dir=. ."
      },
      "devDependencies": {
        "@sveltejs/adapter-auto": "next",
        "@sveltejs/kit": "next",
        "eslint": "^8.16.0",
        "eslint-config-prettier": "^8.3.0",
        "eslint-plugin-svelte3": "^4.0.0",
        "prettier": "^2.6.2",
        "prettier-plugin-svelte": "^2.7.0",
        "svelte": "^3.44.0"
      },
      "type": "module"
    },
    "prefix": "/home/josh/Playground/svelte-kit-idp"
  },
  "2 debug pnpm:context": {
    "currentLockfileExists": false,
    "storeDir": "/home/josh/.pnpm-store/v3",
    "virtualStoreDir": "/home/josh/Playground/svelte-kit-idp/node_modules/.pnpm"
  },
  "3 debug pnpm:stage": {
    "prefix": "/home/josh/Playground/svelte-kit-idp",
    "stage": "resolution_started"
  },
  "4 debug pnpm:_dependency_resolved": {
    "resolution": "registry.npmjs.org/prettier/2.6.2",
    "wanted": {
      "dependentId": ".",
      "name": "prettier",
      "rawSpec": "^2.6.2"
    }
  },
  "5 debug pnpm:progress": {
    "packageId": "registry.npmjs.org/prettier/2.6.2",
    "requester": "/home/josh/Playground/svelte-kit-idp",
    "status": "resolved"
  },
  "6 debug pnpm:progress": {
    "packageId": "registry.npmjs.org/prettier/2.6.2",
    "requester": "/home/josh/Playground/svelte-kit-idp",
    "status": "found_in_store"
  },
  "7 debug pnpm:_dependency_resolved": {
    "resolution": "registry.npmjs.org/eslint/8.17.0",
    "wanted": {
      "dependentId": ".",
      "name": "eslint",
      "rawSpec": "^8.16.0"
    }
  },
  "8 debug pnpm:progress": {
    "packageId": "registry.npmjs.org/eslint/8.17.0",
    "requester": "/home/josh/Playground/svelte-kit-idp",
    "status": "resolved"
  },
  "9 debug pnpm:fetching-progress": {
    "attempt": 1,
    "packageId": "registry.npmjs.org/eslint/8.17.0",
    "size": 502269,
    "status": "started"
  },
  "10 debug pnpm:_dependency_resolved": {
    "resolution": "registry.npmjs.org/eslint-plugin-svelte3/4.0.0",
    "wanted": {
      "dependentId": ".",
      "name": "eslint-plugin-svelte3",
      "rawSpec": "^4.0.0"
    }
  },
  "11 debug pnpm:progress": {
    "packageId": "registry.npmjs.org/eslint-plugin-svelte3/4.0.0",
    "requester": "/home/josh/Playground/svelte-kit-idp",
    "status": "resolved"
  },
  "12 debug pnpm:_dependency_resolved": {
    "resolution": "registry.npmjs.org/eslint-config-prettier/8.5.0",
    "wanted": {
      "dependentId": ".",
      "name": "eslint-config-prettier",
      "rawSpec": "^8.3.0"
    }
  },
  "13 debug pnpm:progress": {
    "packageId": "registry.npmjs.org/eslint-config-prettier/8.5.0",
    "requester": "/home/josh/Playground/svelte-kit-idp",
    "status": "resolved"
  },
  "14 debug pnpm:progress": {
    "packageId": "registry.npmjs.org/eslint-plugin-svelte3/4.0.0",
    "requester": "/home/josh/Playground/svelte-kit-idp",
    "status": "found_in_store"
  },
  "15 debug pnpm:_dependency_resolved": {
    "resolution": "registry.npmjs.org/prettier-plugin-svelte/2.7.0",
    "wanted": {
      "dependentId": ".",
      "name": "prettier-plugin-svelte",
      "rawSpec": "^2.7.0"
    }
  },
  "16 debug pnpm:progress": {
    "packageId": "registry.npmjs.org/prettier-plugin-svelte/2.7.0",
    "requester": "/home/josh/Playground/svelte-kit-idp",
    "status": "resolved"
  },
  "17 debug pnpm:progress": {
    "packageId": "registry.npmjs.org/eslint-config-prettier/8.5.0",
    "requester": "/home/josh/Playground/svelte-kit-idp",
    "status": "found_in_store"
  },
  "18 debug pnpm:progress": {
    "packageId": "registry.npmjs.org/prettier-plugin-svelte/2.7.0",
    "requester": "/home/josh/Playground/svelte-kit-idp",
    "status": "found_in_store"
  },
  "19 debug pnpm:_dependency_resolved": {
    "resolution": "registry.npmjs.org/svelte/3.48.0",
    "wanted": {
      "dependentId": ".",
      "name": "svelte",
      "rawSpec": "^3.44.0"
    }
  },
  "20 debug pnpm:progress": {
    "packageId": "registry.npmjs.org/svelte/3.48.0",
    "requester": "/home/josh/Playground/svelte-kit-idp",
    "status": "resolved"
  },
  "21 debug pnpm:progress": {
    "packageId": "registry.npmjs.org/eslint/8.17.0",
    "requester": "/home/josh/Playground/svelte-kit-idp",
    "status": "fetched"
  },
  "22 debug pnpm:progress": {
    "packageId": "registry.npmjs.org/svelte/3.48.0",
    "requester": "/home/josh/Playground/svelte-kit-idp",
    "status": "found_in_store"
  },
  "23 warn pnpm:install-check": {
    "message": "Unsupported engine for registry.npmjs.org/@sveltejs/kit/1.0.0-next.350: wanted: {\"node\":\">=16.7\"} (current: {\"node\":\"v16.4.0\",\"pnpm\":\"6.14.5\"})",
    "prefix": "/home/josh/Playground/svelte-kit-idp"
  },
  "24 error pnpm": {
    "code": "ERR_PNPM_UNSUPPORTED_ENGINE",
    "packageId": "registry.npmjs.org/@sveltejs/kit/1.0.0-next.350",
    "wanted": {
      "node": ">=16.7"
    },
    "current": {
      "node": "v16.4.0",
      "pnpm": "6.14.5"
    },
    "pkgsStack": [],
    "err": {
      "name": "pnpm",
      "message": "Unsupported engine for registry.npmjs.org/@sveltejs/kit/1.0.0-next.350: wanted: {\"node\":\">=16.7\"} (current: {\"node\":\"v16.4.0\",\"pnpm\":\"6.14.5\"})",
      "code": "ERR_PNPM_UNSUPPORTED_ENGINE",
      "stack": "pnpm: Unsupported engine for registry.npmjs.org/@sveltejs/kit/1.0.0-next.350: wanted: {\"node\":\">=16.7\"} (current: {\"node\":\"v16.4.0\",\"pnpm\":\"6.14.5\"})\n    at Object.checkEngine [as default] (/home/josh/.asdf/installs/nodejs/16.4.0/.npm/pnpm-global/5/node_modules/.pnpm/pnpm@6.14.5/node_modules/pnpm/dist/pnpm.cjs:35258:16)\n    at checkPackage (/home/josh/.asdf/installs/nodejs/16.4.0/.npm/pnpm-global/5/node_modules/.pnpm/pnpm@6.14.5/node_modules/pnpm/dist/pnpm.cjs:35402:99)\n    at Object.packageIsInstallable [as default] (/home/josh/.asdf/installs/nodejs/16.4.0/.npm/pnpm-global/5/node_modules/.pnpm/pnpm@6.14.5/node_modules/pnpm/dist/pnpm.cjs:35372:20)\n    at resolveAndFetch (/home/josh/.asdf/installs/nodejs/16.4.0/.npm/pnpm-global/5/node_modules/.pnpm/pnpm@6.14.5/node_modules/pnpm/dist/pnpm.cjs:71109:112)\n    at runMicrotasks (<anonymous>)\n    at processTicksAndRejections (node:internal/process/task_queues:96:5)\n    at async resolveDependency (/home/josh/.asdf/installs/nodejs/16.4.0/.npm/pnpm-global/5/node_modules/.pnpm/pnpm@6.14.5/node_modules/pnpm/dist/pnpm.cjs:110431:23)\n    at async resolveDependenciesOfDependency (/home/josh/.asdf/installs/nodejs/16.4.0/.npm/pnpm-global/5/node_modules/.pnpm/pnpm@6.14.5/node_modules/pnpm/dist/pnpm.cjs:110266:39)\n    at async Promise.all (index 1)\n    at async Object.resolveDependencies [as default] (/home/josh/.asdf/installs/nodejs/16.4.0/.npm/pnpm-global/5/node_modules/.pnpm/pnpm@6.14.5/node_modules/pnpm/dist/pnpm.cjs:110236:29)"
    }
  }
}